<?xml version="1.0" encoding="UTF-8"?>
<testsuite xmlns:xsi="http://www.w3.org/2001/XMLSchema-instance" xsi:noNamespaceSchemaLocation="https://maven.apache.org/surefire/maven-surefire-plugin/xsd/surefire-test-report-3.0.xsd" version="3.0" name="TestSuite" time="46.855" tests="10" errors="0" skipped="0" failures="0">
  <properties>
[...]
</properties>
  <testcase name="T1" classname="org.test1.MyTest1" time="0.041">
    <system-out><![CDATA[Sample test after long... time
]]></system-out>
    <system-err><![CDATA[SLF4J: Failed to load class "org.slf4j.impl.StaticLoggerBinder".
SLF4J: Defaulting to no-operation (NOP) logger implementation
SLF4J: See http://www.slf4j.org/codes.html#StaticLoggerBinder for further details.
Starting ChromeDriver 106.0.5249.61 (511755355844955cd3e264779baf0dd38212a4d0-refs/branch-heads/5249@{#569}) on port 54736
Only local connections are allowed.
Please see https://chromedriver.chromium.org/security-considerations for suggestions on keeping ChromeDriver safe.
ChromeDriver was started successfully.
Oct 21, 2022 1:16:28 PM org.openqa.selenium.remote.ProtocolHandshake createSession
INFO: Detected upstream dialect: W3C
Oct 21, 2022 1:16:28 PM org.openqa.selenium.devtools.CdpVersionFinder findNearestMatch
INFO: Found exact CDP implementation for version 106
]]></system-err>
  </testcase>
  <testcase name="testWriteJsonFile" classname="org.test1.MyTest1" time="0.391"/>
  <testcase name="testReadJsonFile" classname="org.test1.MyTest1" time="0.012">
    <system-out><![CDATA[[{"employee":{"firstName":"Anthony","lastName":"Skiles","website":"www.danyell-dickinson.org"}},{"employee":{"firstName":"Karl","lastName":"Schultz","website":"example.com"}}]
Anthony
Skiles
www.danyell-dickinson.org
Karl
Schultz
example.com
]]></system-out>
  </testcase>
  <testcase name="GetAsanaUsersTest04" classname="org.api.AsanaGetRequestTest01" time="3.899">
    <system-out><![CDATA[Content Type: application/json; charset=UTF-8
Total Users under WorkSpaces
=== Request Response ===== 
{"data":[{"gid":"1167355601988197","name":"Jr. Tester","resource_type":"user"},{"gid":"1167266167861899","name":"Herris Jo","resource_type":"user"},{"gid":"709489725617748","name":"maxdoe_1111@mail.com","resource_type":"user"},{"gid":"1167266168277975","name":"rajeevsinghawana@yahoo.com","resource_type":"user"},{"gid":"1169649036155537","name":"rajeevgurjar@yahoo.com","resource_type":"user"},{"gid":"709291717460807","name":"Tester_01","resource_type":"user"},{"gid":"1167265732153354","name":"Rajeev","resource_type":"user"},{"gid":"699763649376484","name":"raj awa","resource_type":"user"}]}
=== Request Response =====
Status Code: 200
]]></system-out>
  </testcase>
  <testcase name="GetAsanaUsersUnderWorkspaceTest04" classname="org.api.AsanaGetRequestTest01" time="1.433">
    <system-out><![CDATA[Content Type: application/json; charset=UTF-8
Total Users under Gold WorkSpaces
=== Request Response ===== 
{"data":[{"gid":"1167355601988197","name":"Jr. Tester","resource_type":"user"},{"gid":"699763649376484","name":"raj awa","resource_type":"user"},{"gid":"709291717460807","name":"Tester_01","resource_type":"user"}]}
=== Request Response =====
Status Code: 200
]]></system-out>
  </testcase>
  <testcase name="JsonPathExampleTest" classname="org.api.AsanaGetRequestTest01" time="4.374">
    <system-out><![CDATA[Projects:200
Projects Under Gold Workspace:{"data":[{"gid":"699759727930897","name":"MultiAPI","resource_type":"project"},{"gid":"1200165459764349","name":"Gold_1111","resource_type":"project"},{"gid":"1200910399320273","name":"Gold_8888","resource_type":"project"},{"gid":"1201334793580272","name":"Auto_11072021627","resource_type":"project"}]}
Name is : [[gid:699759727930897, name:MultiAPI, resource_type:project], [gid:1200165459764349, name:Gold_1111, resource_type:project], [gid:1200910399320273, name:Gold_8888, resource_type:project], [gid:1201334793580272, name:Auto_11072021627, resource_type:project]]
]]></system-out>
  </testcase>
  <testcase name="Test03" classname="org.api.AsanaGetRequestTest01" time="1.24">
    <system-out><![CDATA[Content Type: application/json; charset=UTF-8
Total Projects Under Gold WorkSpace
=== Request Response ===== 
{"data":[{"gid":"699759727930897","name":"MultiAPI","resource_type":"project"},{"gid":"1200165459764349","name":"Gold_1111","resource_type":"project"},{"gid":"1200910399320273","name":"Gold_8888","resource_type":"project"},{"gid":"1201334793580272","name":"Auto_11072021627","resource_type":"project"}]}
=== Request Response =====
Status Code: 200
]]></system-out>
  </testcase>
  <testcase name="getAsanaWorkSpacesTest01" classname="org.api.AsanaGetRequestTest01" time="1.474">
    <system-out><![CDATA[Content Type: application/json; charset=UTF-8
Total WorkSpaces 
=== Request Response ===== 
{"data":[{"gid":"699763649376486","name":"Gold","resource_type":"workspace"},{"gid":"709389129771629","name":"Blue","resource_type":"workspace"},{"gid":"1167265739713146","name":"IT","resource_type":"workspace"},{"gid":"1169645321291945","name":"Purple","resource_type":"workspace"}]}
=== Request Response =====
Status Code: 200
]]></system-out>
  </testcase>
  <testcase name="getTotalAsanaProjectsTest02" classname="org.api.AsanaGetRequestTest01" time="2.379">
    <system-out><![CDATA[Content Type: application/json; charset=UTF-8
Total Projects 
=== Request Response ===== 
{"data":[{"gid":"699759727930897","name":"MultiAPI","resource_type":"project"},{"gid":"1200165459764349","name":"Gold_1111","resource_type":"project"},{"gid":"1200910399320273","name":"Gold_8888","resource_type":"project"},{"gid":"1201334793580272","name":"Auto_11072021627","resource_type":"project"},{"gid":"709592149652779","name":"BlueProject_01","resource_type":"project"},{"gid":"1167265304112041","name":"Automation Projects","resource_type":"project"},{"gid":"1167265304112063","name":"Automation Project 2","resource_type":"project"}]}
=== Request Response =====
Status Code: 200
]]></system-out>
  </testcase>
  <testcase name="searchtest" classname="org.web.SimpleGoogleTests" time="6.204">
    <system-out><![CDATA[About 5,94,00,000 results (0.24 seconds) 
]]></system-out>
  </testcase>
</testsuite>