<?xml version="1.0" encoding="UTF-8"?>
<testng-results skipped="0" failed="0" ignored="3" total="13" passed="10">
  <reporter-output>
  </reporter-output>
  <suite name="Android Eq-Suite" duration-ms="45590" started-at="2022-10-21T13:16:10 IST" finished-at="2022-10-21T13:16:55 IST">
    <groups>
    </groups>
    <test name="Eq-iOS Device Test" duration-ms="45590" started-at="2022-10-21T13:16:10 IST" finished-at="2022-10-21T13:16:55 IST">
      <class name="org.api.AsanaGetRequestTest01">
        <test-method status="PASS" signature="beforeTest()[pri:0, instance:org.api.AsanaGetRequestTest01@2c18a3ea]" name="beforeTest" is-config="true" duration-ms="1016" started-at="2022-10-21T13:16:10 IST" finished-at="2022-10-21T13:16:11 IST">
          <reporter-output>
          </reporter-output>
        </test-method> <!-- beforeTest -->
        <test-method status="PASS" signature="GetAsanaUsersTest04()[pri:0, instance:org.api.AsanaGetRequestTest01@2c18a3ea]" name="GetAsanaUsersTest04" duration-ms="3899" started-at="2022-10-21T13:16:33 IST" finished-at="2022-10-21T13:16:37 IST">
          <reporter-output>
          </reporter-output>
        </test-method> <!-- GetAsanaUsersTest04 -->
        <test-method status="PASS" signature="GetAsanaUsersUnderWorkspaceTest04()[pri:0, instance:org.api.AsanaGetRequestTest01@2c18a3ea]" name="GetAsanaUsersUnderWorkspaceTest04" duration-ms="1433" started-at="2022-10-21T13:16:37 IST" finished-at="2022-10-21T13:16:38 IST">
          <reporter-output>
          </reporter-output>
        </test-method> <!-- GetAsanaUsersUnderWorkspaceTest04 -->
        <test-method status="PASS" signature="JsonPathExampleTest()[pri:0, instance:org.api.AsanaGetRequestTest01@2c18a3ea]" name="JsonPathExampleTest" duration-ms="4358" started-at="2022-10-21T13:16:38 IST" finished-at="2022-10-21T13:16:43 IST">
          <reporter-output>
          </reporter-output>
        </test-method> <!-- JsonPathExampleTest -->
        <test-method status="PASS" signature="Test03()[pri:0, instance:org.api.AsanaGetRequestTest01@2c18a3ea]" name="Test03" duration-ms="1225" started-at="2022-10-21T13:16:43 IST" finished-at="2022-10-21T13:16:44 IST">
          <reporter-output>
          </reporter-output>
        </test-method> <!-- Test03 -->
        <test-method status="PASS" signature="getAsanaWorkSpacesTest01()[pri:0, instance:org.api.AsanaGetRequestTest01@2c18a3ea]" name="getAsanaWorkSpacesTest01" duration-ms="1474" started-at="2022-10-21T13:16:44 IST" finished-at="2022-10-21T13:16:46 IST">
          <reporter-output>
          </reporter-output>
        </test-method> <!-- getAsanaWorkSpacesTest01 -->
        <test-method status="PASS" signature="getTotalAsanaProjectsTest02()[pri:0, instance:org.api.AsanaGetRequestTest01@2c18a3ea]" name="getTotalAsanaProjectsTest02" duration-ms="2379" started-at="2022-10-21T13:16:46 IST" finished-at="2022-10-21T13:16:48 IST">
          <reporter-output>
          </reporter-output>
        </test-method> <!-- getTotalAsanaProjectsTest02 -->
        <test-method status="PASS" signature="afterTest()[pri:0, instance:org.api.AsanaGetRequestTest01@2c18a3ea]" name="afterTest" is-config="true" duration-ms="0" started-at="2022-10-21T13:16:54 IST" finished-at="2022-10-21T13:16:54 IST">
          <reporter-output>
          </reporter-output>
        </test-method> <!-- afterTest -->
      </class> <!-- org.api.AsanaGetRequestTest01 -->
      <class name="org.web.SimpleGoogleTests">
        <test-method status="PASS" signature="init()[pri:0, instance:org.web.SimpleGoogleTests@166c2c17]" name="init" is-config="true" duration-ms="21643" started-at="2022-10-21T13:16:11 IST" finished-at="2022-10-21T13:16:33 IST">
          <reporter-output>
          </reporter-output>
        </test-method> <!-- init -->
        <test-method status="PASS" signature="searchtest()[pri:0, instance:org.web.SimpleGoogleTests@166c2c17]" name="searchtest" duration-ms="6204" started-at="2022-10-21T13:16:48 IST" finished-at="2022-10-21T13:16:54 IST">
          <reporter-output>
          </reporter-output>
        </test-method> <!-- searchtest -->
        <test-method status="PASS" signature="finishTests()[pri:0, instance:org.web.SimpleGoogleTests@166c2c17]" name="finishTests" is-config="true" duration-ms="1190" started-at="2022-10-21T13:16:54 IST" finished-at="2022-10-21T13:16:55 IST">
          <reporter-output>
          </reporter-output>
        </test-method> <!-- finishTests -->
      </class> <!-- org.web.SimpleGoogleTests -->
      <class name="org.test1.MyTest1">
        <test-method status="PASS" signature="init()[pri:0, instance:org.test1.MyTest1@6b415f5f]" name="init" is-config="true" duration-ms="47" started-at="2022-10-21T13:16:11 IST" finished-at="2022-10-21T13:16:11 IST">
          <reporter-output>
          </reporter-output>
        </test-method> <!-- init -->
        <test-method status="PASS" signature="T1()[pri:1, instance:org.test1.MyTest1@6b415f5f]" name="T1" duration-ms="21" started-at="2022-10-21T13:16:33 IST" finished-at="2022-10-21T13:16:33 IST">
          <reporter-output>
          </reporter-output>
        </test-method> <!-- T1 -->
        <test-method status="PASS" signature="testWriteJsonFile()[pri:2, instance:org.test1.MyTest1@6b415f5f]" name="testWriteJsonFile" duration-ms="389" started-at="2022-10-21T13:16:33 IST" finished-at="2022-10-21T13:16:33 IST">
          <reporter-output>
          </reporter-output>
        </test-method> <!-- testWriteJsonFile -->
        <test-method status="PASS" signature="testReadJsonFile()[pri:3, instance:org.test1.MyTest1@6b415f5f]" name="testReadJsonFile" duration-ms="10" started-at="2022-10-21T13:16:33 IST" finished-at="2022-10-21T13:16:33 IST">
          <reporter-output>
          </reporter-output>
        </test-method> <!-- testReadJsonFile -->
      </class> <!-- org.test1.MyTest1 -->
    </test> <!-- Eq-iOS Device Test -->
  </suite> <!-- Android Eq-Suite -->
</testng-results>
