<?xml version="1.0" encoding="UTF-8"?>
<testng-results skipped="0" failed="0" ignored="3" total="16" passed="13">
  <reporter-output>
  </reporter-output>
  <suite name="Android Eq-Suite" duration-ms="43506" started-at="2022-10-21T14:55:02 IST" finished-at="2022-10-21T14:55:46 IST">
    <groups>
    </groups>
    <test name="Eq-iOS Device Test" duration-ms="43506" started-at="2022-10-21T14:55:02 IST" finished-at="2022-10-21T14:55:46 IST">
      <class name="org.api.AsanaGetRequestTest01">
        <test-method status="PASS" signature="beforeTest()[pri:0, instance:org.api.AsanaGetRequestTest01@5df6163a]" name="beforeTest" is-config="true" duration-ms="1000" started-at="2022-10-21T14:55:02 IST" finished-at="2022-10-21T14:55:03 IST">
          <reporter-output>
          </reporter-output>
        </test-method> <!-- beforeTest -->
        <test-method status="PASS" signature="GetAsanaUsersTest04()[pri:0, instance:org.api.AsanaGetRequestTest01@5df6163a]" name="GetAsanaUsersTest04" duration-ms="2530" started-at="2022-10-21T14:55:24 IST" finished-at="2022-10-21T14:55:26 IST">
          <reporter-output>
          </reporter-output>
        </test-method> <!-- GetAsanaUsersTest04 -->
        <test-method status="PASS" signature="GetAsanaUsersUnderWorkspaceTest04()[pri:0, instance:org.api.AsanaGetRequestTest01@5df6163a]" name="GetAsanaUsersUnderWorkspaceTest04" duration-ms="1266" started-at="2022-10-21T14:55:26 IST" finished-at="2022-10-21T14:55:28 IST">
          <reporter-output>
          </reporter-output>
        </test-method> <!-- GetAsanaUsersUnderWorkspaceTest04 -->
        <test-method status="PASS" signature="JsonPathExampleTest()[pri:0, instance:org.api.AsanaGetRequestTest01@5df6163a]" name="JsonPathExampleTest" duration-ms="4018" started-at="2022-10-21T14:55:28 IST" finished-at="2022-10-21T14:55:32 IST">
          <reporter-output>
          </reporter-output>
        </test-method> <!-- JsonPathExampleTest -->
        <test-method status="PASS" signature="Test03()[pri:0, instance:org.api.AsanaGetRequestTest01@5df6163a]" name="Test03" duration-ms="1248" started-at="2022-10-21T14:55:32 IST" finished-at="2022-10-21T14:55:33 IST">
          <reporter-output>
          </reporter-output>
        </test-method> <!-- Test03 -->
        <test-method status="PASS" signature="getAsanaWorkSpacesTest01()[pri:0, instance:org.api.AsanaGetRequestTest01@5df6163a]" name="getAsanaWorkSpacesTest01" duration-ms="1562" started-at="2022-10-21T14:55:33 IST" finished-at="2022-10-21T14:55:35 IST">
          <reporter-output>
          </reporter-output>
        </test-method> <!-- getAsanaWorkSpacesTest01 -->
        <test-method status="PASS" signature="getTotalAsanaProjectsTest02()[pri:0, instance:org.api.AsanaGetRequestTest01@5df6163a]" name="getTotalAsanaProjectsTest02" duration-ms="1735" started-at="2022-10-21T14:55:35 IST" finished-at="2022-10-21T14:55:36 IST">
          <reporter-output>
          </reporter-output>
        </test-method> <!-- getTotalAsanaProjectsTest02 -->
        <test-method status="PASS" signature="afterTest()[pri:0, instance:org.api.AsanaGetRequestTest01@5df6163a]" name="afterTest" is-config="true" duration-ms="0" started-at="2022-10-21T14:55:44 IST" finished-at="2022-10-21T14:55:44 IST">
          <reporter-output>
          </reporter-output>
        </test-method> <!-- afterTest -->
      </class> <!-- org.api.AsanaGetRequestTest01 -->
      <class name="org.web.SimpleGoogleTests">
        <test-method status="PASS" signature="init()[pri:0, instance:org.web.SimpleGoogleTests@2d313c8c]" name="init" is-config="true" duration-ms="19650" started-at="2022-10-21T14:55:03 IST" finished-at="2022-10-21T14:55:23 IST">
          <reporter-output>
          </reporter-output>
        </test-method> <!-- init -->
        <test-method status="PASS" signature="Test2()[pri:0, instance:org.web.SimpleGoogleTests@2d313c8c]" name="Test2" duration-ms="0" started-at="2022-10-21T14:55:36 IST" finished-at="2022-10-21T14:55:36 IST">
          <reporter-output>
          </reporter-output>
        </test-method> <!-- Test2 -->
        <test-method status="PASS" signature="searchtest()[pri:0, instance:org.web.SimpleGoogleTests@2d313c8c]" name="searchtest" duration-ms="8099" started-at="2022-10-21T14:55:36 IST" finished-at="2022-10-21T14:55:44 IST">
          <reporter-output>
          </reporter-output>
        </test-method> <!-- searchtest -->
        <test-method status="PASS" signature="Test4()[pri:0, instance:org.web.SimpleGoogleTests@2d313c8c]" name="Test4" duration-ms="0" started-at="2022-10-21T14:55:36 IST" finished-at="2022-10-21T14:55:36 IST">
          <reporter-output>
          </reporter-output>
        </test-method> <!-- Test4 -->
        <test-method status="PASS" signature="Test3()[pri:0, instance:org.web.SimpleGoogleTests@2d313c8c]" name="Test3" duration-ms="0" started-at="2022-10-21T14:55:36 IST" finished-at="2022-10-21T14:55:36 IST">
          <reporter-output>
          </reporter-output>
        </test-method> <!-- Test3 -->
        <test-method status="PASS" signature="finishTests()[pri:0, instance:org.web.SimpleGoogleTests@2d313c8c]" name="finishTests" is-config="true" duration-ms="1163" started-at="2022-10-21T14:55:44 IST" finished-at="2022-10-21T14:55:46 IST">
          <reporter-output>
          </reporter-output>
        </test-method> <!-- finishTests -->
      </class> <!-- org.web.SimpleGoogleTests -->
      <class name="org.test1.MyTest1">
        <test-method status="PASS" signature="init()[pri:0, instance:org.test1.MyTest1@a90e2c1]" name="init" is-config="true" duration-ms="47" started-at="2022-10-21T14:55:03 IST" finished-at="2022-10-21T14:55:03 IST">
          <reporter-output>
          </reporter-output>
        </test-method> <!-- init -->
        <test-method status="PASS" signature="T1()[pri:1, instance:org.test1.MyTest1@a90e2c1]" name="T1" duration-ms="16" started-at="2022-10-21T14:55:23 IST" finished-at="2022-10-21T14:55:23 IST">
          <reporter-output>
          </reporter-output>
        </test-method> <!-- T1 -->
        <test-method status="PASS" signature="testWriteJsonFile()[pri:2, instance:org.test1.MyTest1@a90e2c1]" name="testWriteJsonFile" duration-ms="624" started-at="2022-10-21T14:55:23 IST" finished-at="2022-10-21T14:55:24 IST">
          <reporter-output>
          </reporter-output>
        </test-method> <!-- testWriteJsonFile -->
        <test-method status="PASS" signature="testReadJsonFile()[pri:3, instance:org.test1.MyTest1@a90e2c1]" name="testReadJsonFile" duration-ms="8" started-at="2022-10-21T14:55:24 IST" finished-at="2022-10-21T14:55:24 IST">
          <reporter-output>
          </reporter-output>
        </test-method> <!-- testReadJsonFile -->
      </class> <!-- org.test1.MyTest1 -->
    </test> <!-- Eq-iOS Device Test -->
  </suite> <!-- Android Eq-Suite -->
</testng-results>
