<?xml version="1.0" encoding="UTF-8"?>
<!-- Generated by org.testng.reporters.JUnitXMLReporter -->
<testsuite hostname="DESKTOP-7UV0A7E" ignored="3" name="Eq-iOS Device Test" tests="13" failures="0" timestamp="2022-10-21T14:55:46 IST" time="43.506" errors="0">
  <testcase name="T1" time="0.016" classname="org.test1.MyTest1"/>
  <testcase name="testWriteJsonFile" time="0.624" classname="org.test1.MyTest1"/>
  <testcase name="testReadJsonFile" time="0.008" classname="org.test1.MyTest1"/>
  <testcase name="GetAsanaUsersTest04" time="2.53" classname="org.api.AsanaGetRequestTest01"/>
  <testcase name="GetAsanaUsersUnderWorkspaceTest04" time="1.266" classname="org.api.AsanaGetRequestTest01"/>
  <testcase name="JsonPathExampleTest" time="4.018" classname="org.api.AsanaGetRequestTest01"/>
  <testcase name="Test03" time="1.248" classname="org.api.AsanaGetRequestTest01"/>
  <testcase name="getAsanaWorkSpacesTest01" time="1.562" classname="org.api.AsanaGetRequestTest01"/>
  <testcase name="getTotalAsanaProjectsTest02" time="1.735" classname="org.api.AsanaGetRequestTest01"/>
  <testcase name="Test2" time="0.0" classname="org.web.SimpleGoogleTests"/>
  <testcase name="Test3" time="0.0" classname="org.web.SimpleGoogleTests"/>
  <testcase name="Test4" time="0.0" classname="org.web.SimpleGoogleTests"/>
  <testcase name="searchtest" time="8.099" classname="org.web.SimpleGoogleTests"/>
  <testcase name="ParseWorkspaceResonseT02" time="0.0" classname="org.api.AsanaGetRequestTest01">
    <ignored/>
  </testcase> <!-- ParseWorkspaceResonseT02 -->
  <testcase name="ParseJsonTest" time="0.0" classname="org.api.AsanaGetRequestTest01">
    <ignored/>
  </testcase> <!-- ParseJsonTest -->
  <testcase name="JsonParserT01" time="0.0" classname="org.api.AsanaGetRequestTest01">
    <ignored/>
  </testcase> <!-- JsonParserT01 -->
</testsuite> <!-- Eq-iOS Device Test -->
